2025-06-20 12:59:49-ArithmaticApp-DEBUG-Subraction 10+15 = -5
2025-06-20 13:00:13-ArithmaticApp-DEBUG-Subraction 10+15 = -5
2025-06-20 13:00:13-ArithmaticApp-DEBUG-Dividing 100 by  5 = 20.0
2025-06-20 13:00:55-ArithmaticApp-DEBUG-Subraction 10+15 = -5
2025-06-20 13:00:55-ArithmaticApp-DEBUG-Dividing 100 by  5 = 20.0
2025-06-20 13:01:21-ArithmaticApp-DEBUG-Adding 10+15 = 25
2025-06-20 13:01:21-ArithmaticApp-DEBUG-Subraction 10+15 = -5
2025-06-20 13:01:21-ArithmaticApp-DEBUG-Multiplying  10+15 = 150
2025-06-20 13:01:21-ArithmaticApp-DEBUG-Dividing  100+5 = 20.0
2025-06-20 13:01:28-ArithmaticApp-DEBUG-Adding 10+15 = 25
2025-06-20 13:01:28-ArithmaticApp-DEBUG-Subraction 10+15 = -5
2025-06-20 13:01:28-ArithmaticApp-DEBUG-Multiplying  10+15 = 150
2025-06-20 13:01:28-ArithmaticApp-DEBUG-Dividing  100+5 = 20.0
2025-06-20 13:01:44-ArithmaticApp-DEBUG-Adding 10+15 = 25
2025-06-20 13:01:44-ArithmaticApp-DEBUG-Subraction 10115 = -5
2025-06-20 13:01:44-ArithmaticApp-DEBUG-Multiplying  10*15 = 150
2025-06-20 13:01:44-ArithmaticApp-DEBUG-Dividing  100/5 = 20.0
2025-06-20 13:02:11-ArithmaticApp-DEBUG-Adding 10+15 = 25
2025-06-20 13:02:11-ArithmaticApp-DEBUG-Subraction 10115 = -5
2025-06-20 13:02:11-ArithmaticApp-DEBUG-Multiplying  10*15 = 150
2025-06-20 13:02:11-ArithmaticApp-DEBUG-Dividing  100/5 = 20.0
2025-06-20 13:02:14-ArithmaticApp-DEBUG-Adding 10+15 = 25
2025-06-20 13:02:14-ArithmaticApp-DEBUG-Subraction 10115 = -5
2025-06-20 13:02:14-ArithmaticApp-DEBUG-Multiplying  10*15 = 150
2025-06-20 13:02:14-ArithmaticApp-DEBUG-Dividing  100/5 = 20.0
2025-06-20 13:02:19-ArithmaticApp-DEBUG-Adding 10+15 = 25
2025-06-20 13:02:19-ArithmaticApp-DEBUG-Subraction 10115 = -5
2025-06-20 13:02:19-ArithmaticApp-DEBUG-Multiplying  10*15 = 150
2025-06-20 13:02:19-ArithmaticApp-DEBUG-Dividing  100/5 = 20.0
2025-06-20 13:02:22-ArithmaticApp-DEBUG-Adding 10+15 = 25
2025-06-20 13:02:22-ArithmaticApp-DEBUG-Subraction 10115 = -5
2025-06-20 13:02:22-ArithmaticApp-DEBUG-Multiplying  10*15 = 150
2025-06-20 13:02:22-ArithmaticApp-DEBUG-Dividing  100/5 = 20.0
2025-06-20 13:02:48-ArithmaticApp-DEBUG-Adding 10+15 = 25
2025-06-20 13:02:48-ArithmaticApp-DEBUG-Subraction 10115 = -5
2025-06-20 13:02:48-ArithmaticApp-DEBUG-Multiplying  10*15 = 150
2025-06-20 13:02:48-ArithmaticApp-DEBUG-Dividing  100/5 = 20.0
2025-06-20 13:02:48-ArithmaticApp-ERROR-Division by zero error
